2020-12-02 19:25:31 [tutorial.pipelines] WARNING: ----------
2020-12-02 19:25:31 [tutorial.pipelines] WARNING: {'name': '娄老师', 'title': '课程研究员', 'tags': ['大唐高鸿', '20年经验'], 'subordinate': '传智播客'}
2020-12-02 19:25:31 [tutorial.pipelines] WARNING: ----------
2020-12-02 19:25:31 [tutorial.pipelines] WARNING: {'name': '谢老师', 'title': '课程研究员', 'tags': ['10年经验', ' 多语言精通'], 'subordinate': '传智播客'}
2020-12-02 19:25:31 [tutorial.pipelines] WARNING: ----------
2020-12-02 19:25:31 [tutorial.pipelines] WARNING: {'name': '王老师', 'title': '课程研究员', 'tags': ['北大毕业', ' 中科软架构师'], 'subordinate': '传智播客'}
2020-12-02 19:25:31 [tutorial.pipelines] WARNING: ----------
2020-12-02 19:25:31 [tutorial.pipelines] WARNING: {'name': '王老师', 'title': '课程研究员', 'tags': ['国美', '13年经验'], 'subordinate': '传智播客'}
2020-12-02 19:25:31 [tutorial.pipelines] WARNING: ----------
2020-12-02 19:25:31 [tutorial.pipelines] WARNING: {'name': '原老师', 'title': '课程研究员', 'tags': ['中新网', ' 北大硕士'], 'subordinate': '传智播客'}
2020-12-02 19:25:31 [tutorial.pipelines] WARNING: ----------
2020-12-02 19:25:31 [tutorial.pipelines] WARNING: {'name': '姚老师', 'title': '课程研究员', 'tags': ['12306抢票开源作者'], 'subordinate': '传智播客'}
2020-12-02 19:25:31 [tutorial.pipelines] WARNING: ----------
2020-12-02 19:25:31 [tutorial.pipelines] WARNING: {'name': '周老师', 'title': '课程研究员', 'tags': [' 方正国际', '10年经验'], 'subordinate': '传智播客'}
2020-12-02 19:25:31 [tutorial.pipelines] WARNING: ----------
2020-12-02 19:25:31 [tutorial.pipelines] WARNING: {'name': '王老师', 'title': '课程研究员', 'tags': ['DevOps Master', ' CKA'], 'subordinate': '传智播客'}
2020-12-02 19:25:31 [tutorial.pipelines] WARNING: ----------
2020-12-02 19:25:31 [tutorial.pipelines] WARNING: {'name': '刘老师', 'title': '课程研究员', 'tags': ['10年经验 ', ' pink老师    '], 'subordinate': '传智播客'}
2020-12-02 19:25:31 [tutorial.pipelines] WARNING: ----------
2020-12-02 19:25:31 [tutorial.pipelines] WARNING: {'name': '史老师', 'title': '课程研究员', 'tags': ['技术达人', ' 开源爱好者'], 'subordinate': '传智播客'}
2020-12-02 19:25:31 [tutorial.pipelines] WARNING: ----------
2020-12-02 19:25:31 [tutorial.pipelines] WARNING: {'name': '李老师', 'title': '课程研究员', 'tags': ['华为', ' Vue 技术大牛'], 'subordinate': '传智播客'}
2020-12-02 19:25:31 [tutorial.pipelines] WARNING: ----------
2020-12-02 19:25:31 [tutorial.pipelines] WARNING: {'name': '钱老师', 'title': '课程研究员', 'tags': ['京东 ', ' Vue技术大牛'], 'subordinate': '传智播客'}
2020-12-02 19:25:31 [tutorial.pipelines] WARNING: ----------
2020-12-02 19:25:31 [tutorial.pipelines] WARNING: {'name': '杨老师', 'title': '课程研究员', 'tags': ['自动化数据采集专家'], 'subordinate': '传智播客'}
2020-12-02 19:25:31 [tutorial.pipelines] WARNING: ----------
2020-12-02 19:25:31 [tutorial.pipelines] WARNING: {'name': '任老师', 'title': '课程研究员', 'tags': ['阿里', ' React 技术专家'], 'subordinate': '传智播客'}
2020-12-02 19:25:31 [tutorial.pipelines] WARNING: ----------
2020-12-02 19:25:31 [tutorial.pipelines] WARNING: {'name': '江老师', 'title': '课程研究员', 'tags': ['10年开发经验'], 'subordinate': '传智播客'}
2020-12-02 19:25:31 [tutorial.pipelines] WARNING: ----------
2020-12-02 19:25:31 [tutorial.pipelines] WARNING: {'name': '周老师', 'title': '课程研究员', 'tags': ['IBM'], 'subordinate': '传智播客'}
2020-12-02 19:25:31 [tutorial.pipelines] WARNING: ----------
2020-12-02 19:25:31 [tutorial.pipelines] WARNING: {'name': '惠老师', 'title': '课程研究员', 'tags': ['移动端架构师'], 'subordinate': '传智播客'}
2020-12-02 19:25:31 [tutorial.pipelines] WARNING: ----------
2020-12-02 19:25:31 [tutorial.pipelines] WARNING: {'name': '孟老师', 'title': '课程研究员', 'tags': ['京东', '国家空军系统'], 'subordinate': '传智播客'}
2020-12-02 19:25:31 [tutorial.pipelines] WARNING: ----------
2020-12-02 19:25:31 [tutorial.pipelines] WARNING: {'name': '冀老师', 'title': '课程研究员', 'tags': ['前后端精通', '多年p2p开发经验'], 'subordinate': '传智播客'}
2020-12-02 19:25:31 [tutorial.pipelines] WARNING: ----------
2020-12-02 19:25:31 [tutorial.pipelines] WARNING: {'name': '张老师', 'title': '课程研究员', 'tags': ['上交所', '上海银行', '中国邮政'], 'subordinate': '传智播客'}
2020-12-02 19:25:31 [tutorial.pipelines] WARNING: ----------
2020-12-02 19:25:31 [tutorial.pipelines] WARNING: {'name': '谭老师', 'title': '课程研究员', 'tags': ['腾讯', ' 站酷'], 'subordinate': '传智播客'}
2020-12-02 19:25:31 [tutorial.pipelines] WARNING: ----------
2020-12-02 19:25:31 [tutorial.pipelines] WARNING: {'name': '李老师', 'title': '课程研究员', 'tags': [' lofter认证', ' 中国设计师协会'], 'subordinate': '传智播客'}
2020-12-02 19:25:31 [tutorial.pipelines] WARNING: ----------
2020-12-02 19:25:31 [tutorial.pipelines] WARNING: {'name': '李老师', 'title': '课程研究员', 'tags': ['好未来', '美团'], 'subordinate': '传智播客'}
2020-12-02 19:25:31 [tutorial.pipelines] WARNING: ----------
2020-12-02 19:25:31 [tutorial.pipelines] WARNING: {'name': '肖老师', 'title': '课程研究员', 'tags': ['小红书', '华为'], 'subordinate': '传智播客'}
2020-12-02 19:25:31 [tutorial.pipelines] WARNING: ----------
2020-12-02 19:25:31 [tutorial.pipelines] WARNING: {'name': '骆老师', 'title': '课程研究员', 'tags': ['金山WPS'], 'subordinate': '传智播客'}
2020-12-02 19:25:31 [tutorial.pipelines] WARNING: ----------
2020-12-02 19:25:31 [tutorial.pipelines] WARNING: {'name': '魏老师', 'title': '课程研究员', 'tags': ['IT名企架构师'], 'subordinate': '传智播客'}
2020-12-02 19:25:31 [tutorial.pipelines] WARNING: ----------
2020-12-02 19:25:31 [tutorial.pipelines] WARNING: {'name': '张老师', 'title': '课程研究员', 'tags': ['中考评卷系统', '13年经验'], 'subordinate': '传智播客'}
2020-12-02 19:25:31 [tutorial.pipelines] WARNING: ----------
2020-12-02 19:25:31 [tutorial.pipelines] WARNING: {'name': '朱老师', 'title': '课程研究员', 'tags': ['长城宽带'], 'subordinate': '传智播客'}
2020-12-02 19:25:31 [tutorial.pipelines] WARNING: ----------
2020-12-02 19:25:31 [tutorial.pipelines] WARNING: {'name': '孔老师', 'title': '课程研究员', 'tags': ['途牛网', '江苏移动'], 'subordinate': '传智播客'}
2020-12-02 19:25:31 [tutorial.pipelines] WARNING: ----------
2020-12-02 19:25:31 [tutorial.pipelines] WARNING: {'name': '朱老师', 'title': '课程研究员', 'tags': ['京东', 'ACP认证'], 'subordinate': '传智播客'}
2020-12-02 19:25:31 [tutorial.pipelines] WARNING: ----------
2020-12-02 19:25:31 [tutorial.pipelines] WARNING: {'name': '陈老师', 'title': '课程研究员', 'tags': ['宜信', '8年经验'], 'subordinate': '传智播客'}
2020-12-02 19:25:31 [tutorial.pipelines] WARNING: ----------
2020-12-02 19:25:31 [tutorial.pipelines] WARNING: {'name': '冯老师', 'title': '课程研究员', 'tags': ['IT名企架构师', '13年经验'], 'subordinate': '传智播客'}
2020-12-02 19:25:31 [tutorial.pipelines] WARNING: ----------
2020-12-02 19:25:31 [tutorial.pipelines] WARNING: {'name': '惠老师', 'title': '课程研究员', 'tags': ['IT名企架构师', '7年经验'], 'subordinate': '传智播客'}
2020-12-02 19:25:31 [tutorial.pipelines] WARNING: ----------
2020-12-02 19:25:31 [tutorial.pipelines] WARNING: {'name': '刘老师', 'title': '课程研究员', 'tags': ['IT名企架构师', '15年经验'], 'subordinate': '传智播客'}
2020-12-02 19:25:31 [tutorial.pipelines] WARNING: ----------
2020-12-02 19:25:31 [tutorial.pipelines] WARNING: {'name': '刘老师', 'title': '课程研究员', 'tags': ['高级架构师', '15年经验'], 'subordinate': '传智播客'}
2020-12-02 19:25:31 [tutorial.pipelines] WARNING: ----------
2020-12-02 19:25:31 [tutorial.pipelines] WARNING: {'name': '沈老师', 'title': '课程研究员', 'tags': ['三维度', '8年经验'], 'subordinate': '传智播客'}
2020-12-02 19:25:31 [tutorial.pipelines] WARNING: ----------
2020-12-02 19:25:31 [tutorial.pipelines] WARNING: {'name': '许老师', 'title': '课程研究员', 'tags': ['高德', '8年经验'], 'subordinate': '传智播客'}
2020-12-02 19:25:31 [tutorial.pipelines] WARNING: ----------
2020-12-02 19:25:31 [tutorial.pipelines] WARNING: {'name': '许老师', 'title': '课程研究员', 'tags': ['10年开发经验'], 'subordinate': '传智播客'}
2020-12-02 19:25:31 [tutorial.pipelines] WARNING: ----------
2020-12-02 19:25:31 [tutorial.pipelines] WARNING: {'name': '刘老师', 'title': '课程研究员', 'tags': ['5年经验', ' 多语言精通'], 'subordinate': '传智播客'}
2020-12-02 19:25:31 [tutorial.pipelines] WARNING: ----------
2020-12-02 19:25:31 [tutorial.pipelines] WARNING: {'name': '赵老师', 'title': '课程研究员', 'tags': ['DevOps Master', ' 云计算架构'], 'subordinate': '传智播客'}
2020-12-02 19:25:31 [tutorial.pipelines] WARNING: ----------
2020-12-02 19:25:31 [tutorial.pipelines] WARNING: {'name': '赵老师', 'title': '课程研究员', 'tags': ['博士', ' 微软AI课程导师'], 'subordinate': '传智播客'}
2020-12-02 19:25:31 [tutorial.pipelines] WARNING: ----------
2020-12-02 19:25:31 [tutorial.pipelines] WARNING: {'name': '张老师', 'title': '课程研究员', 'tags': ['架构师', '  10年经验'], 'subordinate': '传智播客'}
2020-12-02 19:25:31 [tutorial.pipelines] WARNING: ----------
2020-12-02 19:25:31 [tutorial.pipelines] WARNING: {'name': '张老师', 'title': '课程研究员', 'tags': ['中国银行', ' 12年经验 '], 'subordinate': '传智播客'}
2020-12-02 19:25:31 [tutorial.pipelines] WARNING: ----------
2020-12-02 19:25:31 [tutorial.pipelines] WARNING: {'name': '杨老师', 'title': '课程研究员', 'tags': ['尚德机构', '  10年经验'], 'subordinate': '传智播客'}
2020-12-02 19:25:31 [tutorial.pipelines] WARNING: ----------
2020-12-02 19:25:31 [tutorial.pipelines] WARNING: {'name': '杨老师', 'title': '课程研究员', 'tags': ['北大方正', ' 12年经验'], 'subordinate': '传智播客'}
2020-12-02 19:25:31 [tutorial.pipelines] WARNING: ----------
2020-12-02 19:25:31 [tutorial.pipelines] WARNING: {'name': '徐老师', 'title': '课程研究员', 'tags': ['华为鼎桥', ' 7年经验'], 'subordinate': '传智播客'}
2020-12-02 19:25:31 [tutorial.pipelines] WARNING: ----------
2020-12-02 19:25:31 [tutorial.pipelines] WARNING: {'name': '李老师', 'title': '课程研究员', 'tags': ['9年经验', ' 国家电网'], 'subordinate': '传智播客'}
2020-12-02 19:25:31 [tutorial.pipelines] WARNING: ----------
2020-12-02 19:25:31 [tutorial.pipelines] WARNING: {'name': '凡老师', 'title': '课程研究员', 'tags': ['8年经验', ' 三菱银行', ' 中信银行'], 'subordinate': '传智播客'}
2020-12-02 19:25:31 [tutorial.pipelines] WARNING: ----------
2020-12-02 19:25:31 [tutorial.pipelines] WARNING: {'name': '陈老师', 'title': '课程研究员', 'tags': ['国家电网', ' 8年经验'], 'subordinate': '传智播客'}
2020-12-02 19:25:31 [tutorial.pipelines] WARNING: ----------
2020-12-02 19:25:31 [tutorial.pipelines] WARNING: {'name': '陈老师', 'title': '课程研究员', 'tags': ['7年经验', ' 凤凰网'], 'subordinate': '传智播客'}
2020-12-02 19:25:31 [tutorial.pipelines] WARNING: ----------
2020-12-02 19:25:31 [tutorial.pipelines] WARNING: {'name': '王老师', 'title': '课程研究员', 'tags': ['新东方', '12年经验'], 'subordinate': '传智播客'}
2020-12-02 19:25:31 [tutorial.pipelines] WARNING: ----------
2020-12-02 19:25:31 [tutorial.pipelines] WARNING: {'name': '沈老师', 'title': '课程研究员', 'tags': ['三维度', '8年经验'], 'subordinate': '传智播客'}
2020-12-02 19:25:31 [tutorial.pipelines] WARNING: ----------
2020-12-02 19:25:31 [tutorial.pipelines] WARNING: {'name': '惠老师', 'title': '课程研究员', 'tags': ['IT名企架构师', '7年经验'], 'subordinate': '传智播客'}
2020-12-02 19:25:31 [tutorial.pipelines] WARNING: ----------
2020-12-02 19:25:31 [tutorial.pipelines] WARNING: {'name': '董老师', 'title': '课程研究员', 'tags': ['华为', ' H5游戏开发专家'], 'subordinate': '传智播客'}
2020-12-02 19:25:31 [tutorial.pipelines] WARNING: ----------
2020-12-02 19:25:31 [tutorial.pipelines] WARNING: {'name': '朱老师', 'title': '课程研究员', 'tags': ['爱奇艺', ' 用友'], 'subordinate': '传智播客'}
2020-12-02 19:25:31 [tutorial.pipelines] WARNING: ----------
2020-12-02 19:25:31 [tutorial.pipelines] WARNING: {'name': '朱老师', 'title': '课程研究员', 'tags': ['京东', 'ACP认证'], 'subordinate': '传智播客'}
2020-12-02 19:25:31 [tutorial.pipelines] WARNING: ----------
2020-12-02 19:25:31 [tutorial.pipelines] WARNING: {'name': '毛老师', 'title': '课程研究员', 'tags': ['平安金融'], 'subordinate': '传智播客'}
2020-12-02 19:25:31 [tutorial.pipelines] WARNING: ----------
2020-12-02 19:25:31 [tutorial.pipelines] WARNING: {'name': '魏老师', 'title': '课程研究员', 'tags': ['Flink技术专家'], 'subordinate': '传智播客'}
2020-12-02 19:25:31 [tutorial.pipelines] WARNING: ----------
2020-12-02 19:25:31 [tutorial.pipelines] WARNING: {'name': '毛老师', 'title': '课程研究员', 'tags': ['平安金融'], 'subordinate': '传智播客'}
2020-12-02 19:25:31 [tutorial.pipelines] WARNING: ----------
2020-12-02 19:25:31 [tutorial.pipelines] WARNING: {'name': '朱老师', 'title': '课程研究员', 'tags': ['多年开发经验', ' 机器学习 '], 'subordinate': '传智播客'}
2020-12-02 19:25:31 [tutorial.pipelines] WARNING: ----------
2020-12-02 19:25:31 [tutorial.pipelines] WARNING: {'name': '束老师', 'title': '课程研究员', 'tags': ['紫光国信 ', '10年经验'], 'subordinate': '传智播客'}
2020-12-02 19:25:31 [tutorial.pipelines] WARNING: ----------
2020-12-02 19:25:31 [tutorial.pipelines] WARNING: {'name': '曾老师', 'title': '课程研究员', 'tags': ['10年软件开发经验'], 'subordinate': '传智播客'}
2020-12-02 19:25:31 [tutorial.pipelines] WARNING: ----------
2020-12-02 19:25:31 [tutorial.pipelines] WARNING: {'name': '吴老师', 'title': '课程研究员', 'tags': ['13年软件开发经验', '技术总监'], 'subordinate': '传智播客'}
2020-12-02 19:25:31 [tutorial.pipelines] WARNING: ----------
2020-12-02 19:25:31 [tutorial.pipelines] WARNING: {'name': '张老师', 'title': '课程研究员', 'tags': ['8年研发经验', '拉勾', '网易'], 'subordinate': '传智播客'}
2020-12-02 19:25:31 [tutorial.pipelines] WARNING: ----------
2020-12-02 19:25:31 [tutorial.pipelines] WARNING: {'name': '白老师', 'title': '课程研究员', 'tags': ['11年研发经验', '技术经理'], 'subordinate': '传智播客'}
2020-12-02 19:25:31 [tutorial.pipelines] WARNING: ----------
2020-12-02 19:25:31 [tutorial.pipelines] WARNING: {'name': '乐老师', 'title': '课程研究员', 'tags': ['12年研发经验', '技术经理'], 'subordinate': '传智播客'}
2020-12-02 19:25:31 [tutorial.pipelines] WARNING: ----------
2020-12-02 19:25:31 [tutorial.pipelines] WARNING: {'name': '张老师', 'title': '课程研究员', 'tags': ['Flink技术专家'], 'subordinate': '传智播客'}
2020-12-02 19:25:31 [tutorial.pipelines] WARNING: ----------
2020-12-02 19:25:31 [tutorial.pipelines] WARNING: {'name': '李老师', 'title': '课程研究员', 'tags': ['搜狐畅游', ' 优视科技'], 'subordinate': '传智播客'}
2020-12-02 19:25:31 [tutorial.pipelines] WARNING: ----------
2020-12-02 19:25:31 [tutorial.pipelines] WARNING: {'name': '刘老师', 'title': '课程研究员', 'tags': ['京东'], 'subordinate': '传智播客'}
2020-12-02 19:25:31 [tutorial.pipelines] WARNING: ----------
2020-12-02 19:25:31 [tutorial.pipelines] WARNING: {'name': '赵老师', 'title': '课程研究员', 'tags': ['IT名企架构师', '12年经验'], 'subordinate': '传智播客'}
2020-12-02 19:25:31 [tutorial.pipelines] WARNING: ----------
2020-12-02 19:25:31 [tutorial.pipelines] WARNING: {'name': '黄老师', 'title': '课程研究员', 'tags': ['Deep Learning', ' CV', ' AI'], 'subordinate': '传智播客'}
2020-12-02 19:25:31 [tutorial.pipelines] WARNING: ----------
2020-12-02 19:25:31 [tutorial.pipelines] WARNING: {'name': '黄老师', 'title': '课程研究员', 'tags': ['Deep Learning', ' CV', ' AI'], 'subordinate': '传智播客'}
2020-12-02 19:25:31 [tutorial.pipelines] WARNING: ----------
2020-12-02 19:25:31 [tutorial.pipelines] WARNING: {'name': '邓老师', 'title': '课程研究员', 'tags': ['中企动力', ' 百度'], 'subordinate': '传智播客'}
2020-12-02 19:25:31 [tutorial.pipelines] WARNING: ----------
2020-12-02 19:25:31 [tutorial.pipelines] WARNING: {'name': '郝老师', 'title': '课程研究员', 'tags': ['高级架构师'], 'subordinate': '传智播客'}
2020-12-02 19:25:31 [tutorial.pipelines] WARNING: ----------
2020-12-02 19:25:31 [tutorial.pipelines] WARNING: {'name': '贺老师', 'title': '课程研究员', 'tags': ['上市公司', '10年经验'], 'subordinate': '传智播客'}
2020-12-02 19:25:31 [tutorial.pipelines] WARNING: ----------
2020-12-02 19:25:31 [tutorial.pipelines] WARNING: {'name': '姚老师', 'title': '课程研究员', 'tags': ['硕士', ' GIS行业工程专家'], 'subordinate': '传智播客'}
2020-12-02 19:25:31 [tutorial.pipelines] WARNING: ----------
2020-12-02 19:25:31 [tutorial.pipelines] WARNING: {'name': '郝老师', 'title': '课程研究员', 'tags': ['融商', '10年经验'], 'subordinate': '传智播客'}
2020-12-02 19:25:31 [tutorial.pipelines] WARNING: ----------
2020-12-02 19:25:31 [tutorial.pipelines] WARNING: {'name': '张老师', 'title': '课程研究员', 'tags': ['中国移动', '平安保险'], 'subordinate': '传智播客'}
2020-12-02 19:25:31 [tutorial.pipelines] WARNING: ----------
2020-12-02 19:25:31 [tutorial.pipelines] WARNING: {'name': '刘老师', 'title': '课程研究员', 'tags': ['MAITROX'], 'subordinate': '传智播客'}
2020-12-02 19:25:31 [tutorial.pipelines] WARNING: ----------
2020-12-02 19:25:31 [tutorial.pipelines] WARNING: {'name': '王老师', 'title': '课程研究员', 'tags': ['中科软TL', '7年经验'], 'subordinate': '传智播客'}
2020-12-02 19:25:31 [tutorial.pipelines] WARNING: ----------
2020-12-02 19:25:31 [tutorial.pipelines] WARNING: {'name': '凡老师', 'title': '课程研究员', 'tags': ['京东商城'], 'subordinate': '传智播客'}
2020-12-02 19:25:31 [tutorial.pipelines] WARNING: ----------
2020-12-02 19:25:31 [tutorial.pipelines] WARNING: {'name': '满老师', 'title': '课程研究员', 'tags': ['15年经验', ' 中科富星', ' Radvision'], 'subordinate': '传智播客'}
2020-12-02 19:25:31 [tutorial.pipelines] WARNING: ----------
2020-12-02 19:25:31 [tutorial.pipelines] WARNING: {'name': '朱老师', 'title': '课程研究员', 'tags': ['爱奇艺', ' 用友'], 'subordinate': '传智播客'}
2020-12-02 19:25:31 [tutorial.pipelines] WARNING: ----------
2020-12-02 19:25:31 [tutorial.pipelines] WARNING: {'name': '罗老师', 'title': '课程研究员', 'tags': ['日立', ' 人人贷', ' 11年经验'], 'subordinate': '传智播客'}
2020-12-02 19:25:31 [tutorial.pipelines] WARNING: ----------
2020-12-02 19:25:31 [tutorial.pipelines] WARNING: {'name': '董老师', 'title': '课程研究员', 'tags': ['华为', ' H5游戏开发专家'], 'subordinate': '传智播客'}
2020-12-02 19:25:31 [tutorial.pipelines] WARNING: ----------
2020-12-02 19:25:31 [tutorial.pipelines] WARNING: {'name': '冀老师', 'title': '课程研究员', 'tags': [' 思博斯科技', ' 12年经验'], 'subordinate': '传智播客'}
2020-12-02 19:25:31 [tutorial.pipelines] WARNING: ----------
2020-12-02 19:25:31 [tutorial.pipelines] WARNING: {'name': '郑老师', 'title': '课程研究员', 'tags': ['永辉超市 ', '蓝月亮'], 'subordinate': '传智播客'}
2020-12-02 19:25:31 [tutorial.pipelines] WARNING: ----------
2020-12-02 19:25:31 [tutorial.pipelines] WARNING: {'name': '周老师', 'title': '课改研究员', 'tags': ['孔夫子 电商方案专家'], 'subordinate': '传智播客'}
2020-12-02 19:25:31 [tutorial.pipelines] WARNING: ----------
2020-12-02 19:25:31 [tutorial.pipelines] WARNING: {'name': '高老师', 'title': '课程研究员', 'tags': ['用友', ' React 技术大牛'], 'subordinate': '传智播客'}
2020-12-02 19:25:31 [tutorial.pipelines] WARNING: ----------
2020-12-02 19:25:31 [tutorial.pipelines] WARNING: {'name': '张老师', 'title': '课程研究员', 'tags': ['10年软件开发经验'], 'subordinate': '传智播客'}
2020-12-02 19:25:31 [tutorial.pipelines] WARNING: ----------
2020-12-02 19:25:31 [tutorial.pipelines] WARNING: {'name': '吕老师', 'title': '课程研究员', 'tags': ['美国Newegg.com', ' 10年经验'], 'subordinate': '传智播客'}
2020-12-02 19:25:31 [tutorial.pipelines] WARNING: ----------
2020-12-02 19:25:31 [tutorial.pipelines] WARNING: {'name': '李老师', 'title': '课程研究员', 'tags': ['IBM', '19年经验'], 'subordinate': '传智播客'}
2020-12-02 19:25:31 [tutorial.pipelines] WARNING: ----------
2020-12-02 19:25:31 [tutorial.pipelines] WARNING: {'name': '王老师', 'title': '课程研究员', 'tags': ['新东方', '12年经验'], 'subordinate': '传智播客'}
2020-12-02 19:25:31 [tutorial.pipelines] WARNING: ----------
2020-12-02 19:25:31 [tutorial.pipelines] WARNING: {'name': '周老师', 'title': '课程研究员', 'tags': ['硕士 ', ' 人工智能大牛'], 'subordinate': '传智播客'}
